\BOOKMARK [1][-]{section.1}{\376\377\000I\000n\000t\000r\000o\000d\000u\000c\000t\000i\000o\000n}{}% 1
\BOOKMARK [1][-]{section.2}{\376\377\000R\000e\000q\000u\000i\000r\000e\000m\000e\000n\000t\000\040\000A\000n\000a\000l\000y\000s\000i\000s}{}% 2
\BOOKMARK [2][-]{subsection.2.1}{\376\377\000C\000o\000m\000p\000e\000t\000i\000t\000o\000r\000\040\000A\000n\000a\000l\000y\000s\000i\000s}{section.2}% 3
\BOOKMARK [2][-]{subsection.2.2}{\376\377\000U\000s\000e\000r\000\040\000A\000n\000a\000l\000y\000s\000i\000s}{section.2}% 4
\BOOKMARK [3][-]{subsubsection.2.2.1}{\376\377\000F\000i\000r\000s\000t\000\040\000p\000e\000r\000s\000o\000n\000a\000:\000\040\000D\000a\000v\000i\000d}{subsection.2.2}% 5
\BOOKMARK [3][-]{subsubsection.2.2.2}{\376\377\000S\000e\000c\000o\000n\000d\000\040\000p\000e\000r\000s\000o\000n\000a\000:\000\040\000E\000m\000i\000l\000y}{subsection.2.2}% 6
\BOOKMARK [3][-]{subsubsection.2.2.3}{\376\377\000T\000h\000i\000r\000d\000\040\000p\000e\000r\000s\000o\000n\000a\000:\000\040\000A\000l\000e\000x}{subsection.2.2}% 7
\BOOKMARK [1][-]{section.3}{\376\377\000Q\000u\000e\000s\000t\000i\000o\000n\000n\000a\000i\000r\000e}{}% 8
\BOOKMARK [2][-]{subsection.3.1}{\376\377\000G\000e\000n\000e\000r\000a\000l\000\040\000Q\000u\000e\000s\000t\000i\000o\000n\000s}{section.3}% 9
\BOOKMARK [2][-]{subsection.3.2}{\376\377\000A\000p\000p\000l\000i\000c\000a\000t\000i\000o\000n\000\040\000Q\000u\000e\000s\000t\000i\000o\000n\000s}{section.3}% 10
\BOOKMARK [2][-]{subsection.3.3}{\376\377\000P\000e\000r\000s\000o\000n\000a\000l\000\040\000Q\000u\000e\000s\000t\000i\000o\000n\000s}{section.3}% 11
\BOOKMARK [1][-]{section.4}{\376\377\000T\000a\000s\000k\000\040\000a\000n\000d\000\040\000D\000i\000a\000l\000o\000g\000\040\000A\000n\000a\000l\000y\000s\000i\000s}{}% 12
\BOOKMARK [2][-]{subsection.4.1}{\376\377\000H\000i\000e\000r\000a\000r\000c\000h\000i\000c\000a\000l\000\040\000T\000a\000s\000k\000\040\000A\000n\000a\000l\000y\000s\000i\000s\000\040\000\050\000H\000T\000A\000\051}{section.4}% 13
\BOOKMARK [3][-]{subsubsection.4.1.1}{\376\377\000S\000e\000t\000\040\000c\000u\000s\000t\000o\000m\000\040\000n\000o\000t\000i\000f\000i\000c\000a\000t\000i\000o\000n}{subsection.4.1}% 14
\BOOKMARK [3][-]{subsubsection.4.1.2}{\376\377\000A\000d\000d\000\040\000a\000\040\000n\000e\000w\000\040\000d\000o\000c\000u\000m\000e\000n\000t}{subsection.4.1}% 15
\BOOKMARK [3][-]{subsubsection.4.1.3}{\376\377\000A\000d\000d\000\040\000a\000\040\000n\000e\000w\000\040\000d\000o\000c\000u\000m\000e\000n\000t\000\040\000u\000s\000i\000n\000g\000\040\000t\000h\000e\000\040\000c\000a\000m\000e\000r\000a}{subsection.4.1}% 16
\BOOKMARK [3][-]{subsubsection.4.1.4}{\376\377\000V\000i\000e\000w\000\040\000d\000o\000c\000u\000m\000e\000n\000t\000\040\000l\000i\000s\000t}{subsection.4.1}% 17
\BOOKMARK [3][-]{subsubsection.4.1.5}{\376\377\000E\000d\000i\000t\000\040\000a\000n\000\040\000e\000x\000i\000s\000t\000i\000n\000g\000\040\000e\000l\000e\000m\000e\000n\000t}{subsection.4.1}% 18
\BOOKMARK [3][-]{subsubsection.4.1.6}{\376\377\000R\000e\000m\000o\000v\000e\000\040\000d\000o\000c\000u\000m\000e\000n\000t}{subsection.4.1}% 19
\BOOKMARK [2][-]{subsection.4.2}{\376\377\000S\000t\000a\000t\000e\000\040\000T\000r\000a\000n\000s\000i\000t\000i\000o\000n\000\040\000N\000e\000t\000w\000o\000r\000k\000\040\000\050\000S\000T\000N\000\051}{section.4}% 20
\BOOKMARK [3][-]{subsubsection.4.2.1}{\376\377\000A\000d\000d\000\040\000a\000\040\000n\000e\000w\000\040\000d\000o\000c\000u\000m\000e\000n\000t}{subsection.4.2}% 21
\BOOKMARK [3][-]{subsubsection.4.2.2}{\376\377\000E\000d\000i\000t\000\040\000d\000o\000c\000u\000m\000e\000n\000t}{subsection.4.2}% 22
\BOOKMARK [3][-]{subsubsection.4.2.3}{\376\377\000R\000e\000m\000o\000v\000e\000\040\000d\000o\000c\000u\000m\000e\000n\000t}{subsection.4.2}% 23
\BOOKMARK [3][-]{subsubsection.4.2.4}{\376\377\000V\000i\000e\000w\000\040\000d\000o\000c\000u\000m\000e\000n\000t\000\040\000l\000i\000s\000t}{subsection.4.2}% 24
\BOOKMARK [1][-]{section.5}{\376\377\000P\000r\000o\000t\000o\000t\000y\000p\000e\000\040\000Z\000e\000r\000o}{}% 25
\BOOKMARK [2][-]{subsection.5.1}{\376\377\000A\000d\000d\000\040\000d\000o\000c\000u\000m\000e\000n\000t\000\040\000f\000r\000o\000m\000\040\000s\000a\000v\000e\000d\000\040\000f\000i\000l\000e}{section.5}% 26
\BOOKMARK [2][-]{subsection.5.2}{\376\377\000A\000d\000d\000\040\000d\000o\000c\000u\000m\000e\000n\000t\000\040\000u\000s\000i\000n\000g\000\040\000c\000a\000m\000e\000r\000a\000\040\000s\000c\000a\000n}{section.5}% 27
\BOOKMARK [2][-]{subsection.5.3}{\376\377\000V\000i\000e\000w\000\040\000d\000o\000c\000u\000m\000e\000n\000t}{section.5}% 28
\BOOKMARK [2][-]{subsection.5.4}{\376\377\000E\000d\000i\000t\000\040\000d\000o\000c\000u\000m\000e\000n\000t\000\040\000d\000e\000s\000c\000r\000i\000p\000t\000i\000o\000n\000\040\000a\000n\000d\000\040\000p\000e\000r\000s\000o\000n\000a\000l\000\040\000n\000o\000t\000e\000s}{section.5}% 29
\BOOKMARK [2][-]{subsection.5.5}{\376\377\000E\000d\000i\000t\000\040\000d\000o\000c\000u\000m\000e\000n\000t\000\040\000E\000x\000p\000i\000r\000a\000t\000i\000o\000n\000\040\000d\000a\000t\000e\000\040\000a\000n\000d\000\040\000E\000x\000p\000i\000r\000a\000t\000i\000o\000n\000\040\000S\000e\000t\000t\000i\000n\000g\000s}{section.5}% 30
\BOOKMARK [2][-]{subsection.5.6}{\376\377\000D\000e\000l\000e\000t\000e\000\040\000d\000o\000c\000u\000m\000e\000n\000t}{section.5}% 31
\BOOKMARK [1][-]{section.6}{\376\377\000E\000x\000p\000e\000r\000t\000\040\000B\000a\000s\000e\000d\000\040\000E\000v\000a\000l\000u\000a\000t\000i\000o\000n}{}% 32
\BOOKMARK [2][-]{subsection.6.1}{\376\377\000C\000o\000g\000n\000i\000t\000i\000v\000e\000\040\000W\000a\000l\000k\000t\000h\000r\000o\000u\000g\000h}{section.6}% 33
\BOOKMARK [2][-]{subsection.6.2}{\376\377\000H\000e\000u\000r\000i\000s\000t\000i\000c\000\040\000E\000v\000a\000l\000u\000a\000t\000i\000o\000n}{section.6}% 34
\BOOKMARK [2][-]{subsection.6.3}{\376\377\000G\000a\000t\000h\000e\000r\000i\000n\000g\000s}{section.6}% 35
\BOOKMARK [1][-]{section.7}{\376\377\000P\000r\000o\000t\000o\000t\000y\000p\000e\000\040\000O\000n\000e}{}% 36
\BOOKMARK [1][-]{section.8}{\376\377\000U\000s\000e\000r\000\040\000B\000a\000s\000e\000d\000\040\000E\000v\000a\000l\000u\000a\000t\000i\000o\000n}{}% 37
\BOOKMARK [2][-]{subsection.8.1}{\376\377\000T\000h\000i\000n\000k\000\040\000A\000l\000o\000u\000d}{section.8}% 38
\BOOKMARK [2][-]{subsection.8.2}{\376\377\000C\000o\000n\000t\000r\000o\000l\000l\000e\000d\000\040\000E\000x\000p\000e\000r\000i\000m\000e\000n\000t}{section.8}% 39
\BOOKMARK [3][-]{subsubsection.8.2.1}{\376\377\000F\000i\000r\000s\000t\000\040\000e\000x\000p\000e\000r\000i\000m\000e\000n\000t}{subsection.8.2}% 40
\BOOKMARK [3][-]{subsubsection.8.2.2}{\376\377\000A\000N\000O\000V\000A}{subsection.8.2}% 41
\BOOKMARK [3][-]{subsubsection.8.2.3}{\376\377\000S\000e\000c\000o\000n\000d\000\040\000e\000x\000p\000e\000r\000i\000m\000e\000n\000t}{subsection.8.2}% 42
\BOOKMARK [3][-]{subsubsection.8.2.4}{\376\377\000A\000N\000O\000V\000A}{subsection.8.2}% 43
\BOOKMARK [2][-]{subsection.8.3}{\376\377\000G\000a\000t\000h\000e\000r\000i\000n\000g\000s}{section.8}% 44
