This is pdfTeX, Version 3.141592653-2.6-1.40.26 (TeX Live 2024) (preloaded format=pdflatex 2024.7.3)  9 JUL 2024 15:54
entering extended mode
 restricted \write18 enabled.
 %&-line parsing enabled.
**expire_guard.tex
(./expire_guard.tex
LaTeX2e <2024-06-01> patch level 2
L3 programming layer <2024-05-27>
(c:/texlive/2024/texmf-dist/tex/latex/base/article.cls
Document Class: article 2024/02/08 v1.4n Standard LaTeX document class
(c:/texlive/2024/texmf-dist/tex/latex/base/size12.clo
File: size12.clo 2024/02/08 v1.4n Standard LaTeX file (size option)
)
\c@part=\count194
\c@section=\count195
\c@subsection=\count196
\c@subsubsection=\count197
\c@paragraph=\count198
\c@subparagraph=\count199
\c@figure=\count266
\c@table=\count267
\abovecaptionskip=\skip49
\belowcaptionskip=\skip50
\bibindent=\dimen141
)
(c:/texlive/2024/texmf-dist/tex/latex/graphics/graphicx.sty
Package: graphicx 2021/09/16 v1.2d Enhanced LaTeX Graphics (DPC,SPQR)

(c:/texlive/2024/texmf-dist/tex/latex/graphics/keyval.sty
Package: keyval 2022/05/29 v1.15 key=value parser (DPC)
\KV@toks@=\toks17
)
(c:/texlive/2024/texmf-dist/tex/latex/graphics/graphics.sty
Package: graphics 2024/05/23 v1.4g Standard LaTeX Graphics (DPC,SPQR)

(c:/texlive/2024/texmf-dist/tex/latex/graphics/trig.sty
Package: trig 2023/12/02 v1.11 sin cos tan (DPC)
)
(c:/texlive/2024/texmf-dist/tex/latex/graphics-cfg/graphics.cfg
File: graphics.cfg 2016/06/04 v1.11 sample graphics configuration
)
Package graphics Info: Driver file: pdftex.def on input line 106.

(c:/texlive/2024/texmf-dist/tex/latex/graphics-def/pdftex.def
File: pdftex.def 2024/04/13 v1.2c Graphics/color driver for pdftex
))
\Gin@req@height=\dimen142
\Gin@req@width=\dimen143
)
(c:/texlive/2024/texmf-dist/tex/latex/adjustbox/adjustbox.sty
Package: adjustbox 2022/10/17 v1.3a Adjusting TeX boxes (trim, clip, ...)

(c:/texlive/2024/texmf-dist/tex/latex/xkeyval/xkeyval.sty
Package: xkeyval 2022/06/16 v2.9 package option processing (HA)

(c:/texlive/2024/texmf-dist/tex/generic/xkeyval/xkeyval.tex
(c:/texlive/2024/texmf-dist/tex/generic/xkeyval/xkvutils.tex
\XKV@toks=\toks18
\XKV@tempa@toks=\toks19
)
\XKV@depth=\count268
File: xkeyval.tex 2014/12/03 v2.7a key=value parser (HA)
))
(c:/texlive/2024/texmf-dist/tex/latex/adjustbox/adjcalc.sty
Package: adjcalc 2012/05/16 v1.1 Provides advanced setlength with multiple back
-ends (calc, etex, pgfmath)
)
(c:/texlive/2024/texmf-dist/tex/latex/adjustbox/trimclip.sty
Package: trimclip 2020/08/19 v1.2 Trim and clip general TeX material

(c:/texlive/2024/texmf-dist/tex/latex/collectbox/collectbox.sty
Package: collectbox 2022/10/17 v0.4c Collect macro arguments as boxes
\collectedbox=\box52
)
\tc@llx=\dimen144
\tc@lly=\dimen145
\tc@urx=\dimen146
\tc@ury=\dimen147
Package trimclip Info: Using driver 'tc-pdftex.def'.

(c:/texlive/2024/texmf-dist/tex/latex/adjustbox/tc-pdftex.def
File: tc-pdftex.def 2019/01/04 v2.2 Clipping driver for pdftex
))
\adjbox@Width=\dimen148
\adjbox@Height=\dimen149
\adjbox@Depth=\dimen150
\adjbox@Totalheight=\dimen151
\adjbox@pwidth=\dimen152
\adjbox@pheight=\dimen153
\adjbox@pdepth=\dimen154
\adjbox@ptotalheight=\dimen155

(c:/texlive/2024/texmf-dist/tex/latex/ifoddpage/ifoddpage.sty
Package: ifoddpage 2022/10/18 v1.2 Conditionals for odd/even page detection
\c@checkoddpage=\count269
)
(c:/texlive/2024/texmf-dist/tex/latex/varwidth/varwidth.sty
Package: varwidth 2009/03/30 ver 0.92;  Variable-width minipages
\@vwid@box=\box53
\sift@deathcycles=\count270
\@vwid@loff=\dimen156
\@vwid@roff=\dimen157
))
(c:/texlive/2024/texmf-dist/tex/latex/tools/array.sty
Package: array 2024/06/14 v2.6d Tabular extension package (FMi)
\col@sep=\dimen158
\ar@mcellbox=\box54
\extrarowheight=\dimen159
\NC@list=\toks20
\extratabsurround=\skip51
\backup@length=\skip52
\ar@cellbox=\box55
)
(c:/texlive/2024/texmf-dist/tex/latex/geometry/geometry.sty
Package: geometry 2020/01/02 v5.9 Page Geometry

(c:/texlive/2024/texmf-dist/tex/generic/iftex/ifvtex.sty
Package: ifvtex 2019/10/25 v1.7 ifvtex legacy package. Use iftex instead.

(c:/texlive/2024/texmf-dist/tex/generic/iftex/iftex.sty
Package: iftex 2022/02/03 v1.0f TeX engine tests
))
\Gm@cnth=\count271
\Gm@cntv=\count272
\c@Gm@tempcnt=\count273
\Gm@bindingoffset=\dimen160
\Gm@wd@mp=\dimen161
\Gm@odd@mp=\dimen162
\Gm@even@mp=\dimen163
\Gm@layoutwidth=\dimen164
\Gm@layoutheight=\dimen165
\Gm@layouthoffset=\dimen166
\Gm@layoutvoffset=\dimen167
\Gm@dimlist=\toks21
)
(c:/texlive/2024/texmf-dist/tex/latex/lipsum/lipsum.sty
(c:/texlive/2024/texmf-dist/tex/latex/l3packages/l3keys2e/l3keys2e.sty
(c:/texlive/2024/texmf-dist/tex/latex/l3kernel/expl3.sty
Package: expl3 2024-05-27 L3 programming layer (loader) 

(c:/texlive/2024/texmf-dist/tex/latex/l3backend/l3backend-pdftex.def
File: l3backend-pdftex.def 2024-05-08 L3 backend support: PDF output (pdfTeX)
\l__color_backend_stack_int=\count274
\l__pdf_internal_box=\box56
))
Package: l3keys2e 2024-05-08 LaTeX2e option processing using LaTeX3 keys
)
Package: lipsum 2021-09-20 v2.7 150 paragraphs of Lorem Ipsum dummy text
\g__lipsum_par_int=\count275
\l__lipsum_a_int=\count276
\l__lipsum_b_int=\count277

(c:/texlive/2024/texmf-dist/tex/latex/lipsum/lipsum.ltd.tex))
(c:/texlive/2024/texmf-dist/tex/latex/float/float.sty
Package: float 2001/11/08 v1.3d Float enhancements (AL)
\c@float@type=\count278
\float@exts=\toks22
\float@box=\box57
\@float@everytoks=\toks23
\@floatcapt=\box58
)
(c:/texlive/2024/texmf-dist/tex/latex/tools/tabularx.sty
Package: tabularx 2023/12/11 v2.12a `tabularx' package (DPC)
\TX@col@width=\dimen168
\TX@old@table=\dimen169
\TX@old@col=\dimen170
\TX@target=\dimen171
\TX@delta=\dimen172
\TX@cols=\count279
\TX@ftn=\toks24
)
(c:/texlive/2024/texmf-dist/tex/latex/svg/svg.sty
Package: svg 2020/11/26 v2.02k (include SVG pictures)

(c:/texlive/2024/texmf-dist/tex/latex/koma-script/scrbase.sty
Package: scrbase 2023/07/07 v3.41 KOMA-Script package (KOMA-Script-independent 
basics and keyval usage)

(c:/texlive/2024/texmf-dist/tex/latex/koma-script/scrlfile.sty
Package: scrlfile 2023/07/07 v3.41 KOMA-Script package (file load hooks)

(c:/texlive/2024/texmf-dist/tex/latex/koma-script/scrlfile-hook.sty
Package: scrlfile-hook 2023/07/07 v3.41 KOMA-Script package (using LaTeX hooks)


(c:/texlive/2024/texmf-dist/tex/latex/koma-script/scrlogo.sty
Package: scrlogo 2023/07/07 v3.41 KOMA-Script package (logo)
)))
Applying: [2021/05/01] Usage of raw or classic option list on input line 252.
Already applied: [0000/00/00] Usage of raw or classic option list on input line
 368.
)
(c:/texlive/2024/texmf-dist/tex/generic/pdftexcmds/pdftexcmds.sty
Package: pdftexcmds 2020-06-27 v0.33 Utility functions of pdfTeX for LuaTeX (HO
)

(c:/texlive/2024/texmf-dist/tex/generic/infwarerr/infwarerr.sty
Package: infwarerr 2019/12/03 v1.5 Providing info/warning/error messages (HO)
)
(c:/texlive/2024/texmf-dist/tex/generic/ltxcmds/ltxcmds.sty
Package: ltxcmds 2023-12-04 v1.26 LaTeX kernel commands for general use (HO)
)
Package pdftexcmds Info: \pdf@primitive is available.
Package pdftexcmds Info: \pdf@ifprimitive is available.
Package pdftexcmds Info: \pdfdraftmode found.
)
(c:/texlive/2024/texmf-dist/tex/latex/trimspaces/trimspaces.sty
Package: trimspaces 2009/09/17 v1.1 Trim spaces around a token list
)
(c:/texlive/2024/texmf-dist/tex/latex/tools/shellesc.sty
Package: shellesc 2023/07/08 v1.0d unified shell escape interface for LaTeX
Package shellesc Info: Restricted shell escape enabled on input line 77.
)
\c@svg@param@lastpage=\count280
\svg@box=\box59
\c@svg@param@currpage=\count281
)
(c:/texlive/2024/texmf-dist/tex/latex/xcolor/xcolor.sty
Package: xcolor 2023/11/15 v3.01 LaTeX color extensions (UK)

(c:/texlive/2024/texmf-dist/tex/latex/graphics-cfg/color.cfg
File: color.cfg 2016/01/02 v1.6 sample color configuration
)
Package xcolor Info: Driver file: pdftex.def on input line 274.

(c:/texlive/2024/texmf-dist/tex/latex/graphics/mathcolor.ltx)
Package xcolor Info: Model `cmy' substituted by `cmy0' on input line 1350.
Package xcolor Info: Model `hsb' substituted by `rgb' on input line 1354.
Package xcolor Info: Model `RGB' extended on input line 1366.
Package xcolor Info: Model `HTML' substituted by `rgb' on input line 1368.
Package xcolor Info: Model `Hsb' substituted by `hsb' on input line 1369.
Package xcolor Info: Model `tHsb' substituted by `hsb' on input line 1370.
Package xcolor Info: Model `HSB' substituted by `hsb' on input line 1371.
Package xcolor Info: Model `Gray' substituted by `gray' on input line 1372.
Package xcolor Info: Model `wave' substituted by `hsb' on input line 1373.
)
(c:/texlive/2024/texmf-dist/tex/latex/transparent/transparent.sty
Package: transparent 2022-10-27 v1.5 Transparency with color stacks

(c:/texlive/2024/texmf-dist/tex/latex/transparent/transparent-nometadata.sty
Package: transparent-nometadata 2022-10-27 v1.5 Transparency via pdfTeX's color
 stack (HO)

(c:/texlive/2024/texmf-dist/tex/latex/auxhook/auxhook.sty
Package: auxhook 2019-12-17 v1.6 Hooks for auxiliary files (HO)
)))
(c:/texlive/2024/texmf-dist/tex/latex/pgf/systemlayer/pgfsys.sty
(c:/texlive/2024/texmf-dist/tex/latex/pgf/utilities/pgfrcs.sty
(c:/texlive/2024/texmf-dist/tex/generic/pgf/utilities/pgfutil-common.tex
\pgfutil@everybye=\toks25
\pgfutil@tempdima=\dimen173
\pgfutil@tempdimb=\dimen174
)
(c:/texlive/2024/texmf-dist/tex/generic/pgf/utilities/pgfutil-latex.def
\pgfutil@abb=\box60
)
(c:/texlive/2024/texmf-dist/tex/generic/pgf/utilities/pgfrcs.code.tex
(c:/texlive/2024/texmf-dist/tex/generic/pgf/pgf.revision.tex)
Package: pgfrcs 2023-01-15 v3.1.10 (3.1.10)
))
(c:/texlive/2024/texmf-dist/tex/generic/pgf/systemlayer/pgfsys.code.tex
Package: pgfsys 2023-01-15 v3.1.10 (3.1.10)

(c:/texlive/2024/texmf-dist/tex/generic/pgf/utilities/pgfkeys.code.tex
\pgfkeys@pathtoks=\toks26
\pgfkeys@temptoks=\toks27

(c:/texlive/2024/texmf-dist/tex/generic/pgf/utilities/pgfkeyslibraryfiltered.co
de.tex
\pgfkeys@tmptoks=\toks28
))
\pgf@x=\dimen175
\pgf@y=\dimen176
\pgf@xa=\dimen177
\pgf@ya=\dimen178
\pgf@xb=\dimen179
\pgf@yb=\dimen180
\pgf@xc=\dimen181
\pgf@yc=\dimen182
\pgf@xd=\dimen183
\pgf@yd=\dimen184
\w@pgf@writea=\write3
\r@pgf@reada=\read2
\c@pgf@counta=\count282
\c@pgf@countb=\count283
\c@pgf@countc=\count284
\c@pgf@countd=\count285
\t@pgf@toka=\toks29
\t@pgf@tokb=\toks30
\t@pgf@tokc=\toks31
\pgf@sys@id@count=\count286
 (c:/texlive/2024/texmf-dist/tex/generic/pgf/systemlayer/pgf.cfg
File: pgf.cfg 2023-01-15 v3.1.10 (3.1.10)
)
Driver file for pgf: pgfsys-pdftex.def

(c:/texlive/2024/texmf-dist/tex/generic/pgf/systemlayer/pgfsys-pdftex.def
File: pgfsys-pdftex.def 2023-01-15 v3.1.10 (3.1.10)

(c:/texlive/2024/texmf-dist/tex/generic/pgf/systemlayer/pgfsys-common-pdf.def
File: pgfsys-common-pdf.def 2023-01-15 v3.1.10 (3.1.10)
)))
(c:/texlive/2024/texmf-dist/tex/generic/pgf/systemlayer/pgfsyssoftpath.code.tex
File: pgfsyssoftpath.code.tex 2023-01-15 v3.1.10 (3.1.10)
\pgfsyssoftpath@smallbuffer@items=\count287
\pgfsyssoftpath@bigbuffer@items=\count288
)
(c:/texlive/2024/texmf-dist/tex/generic/pgf/systemlayer/pgfsysprotocol.code.tex
File: pgfsysprotocol.code.tex 2023-01-15 v3.1.10 (3.1.10)
)) (c:/texlive/2024/texmf-dist/tex/latex/comment/comment.sty
\CommentStream=\write4

Excluding comment 'comment')
(c:/texlive/2024/texmf-dist/tex/latex/caption/subcaption.sty
Package: subcaption 2023/07/28 v1.6b Sub-captions (AR)

(c:/texlive/2024/texmf-dist/tex/latex/caption/caption.sty
Package: caption 2023/08/05 v3.6o Customizing captions (AR)

(c:/texlive/2024/texmf-dist/tex/latex/caption/caption3.sty
Package: caption3 2023/07/31 v2.4d caption3 kernel (AR)
\caption@tempdima=\dimen185
\captionmargin=\dimen186
\caption@leftmargin=\dimen187
\caption@rightmargin=\dimen188
\caption@width=\dimen189
\caption@indent=\dimen190
\caption@parindent=\dimen191
\caption@hangindent=\dimen192
Package caption Info: Standard document class detected.
)
\c@caption@flags=\count289
\c@continuedfloat=\count290
Package caption Info: float package is loaded.
)
Package caption Info: New subtype `subfigure' on input line 238.
\c@subfigure=\count291
Package caption Info: New subtype `subtable' on input line 238.
\c@subtable=\count292
)
(c:/texlive/2024/texmf-dist/tex/latex/fancyhdr/fancyhdr.sty
Package: fancyhdr 2024/04/23 v4.2 Extensive control of page headers and footers

\f@nch@headwidth=\skip53
\f@nch@O@elh=\skip54
\f@nch@O@erh=\skip55
\f@nch@O@olh=\skip56
\f@nch@O@orh=\skip57
\f@nch@O@elf=\skip58
\f@nch@O@erf=\skip59
\f@nch@O@olf=\skip60
\f@nch@O@orf=\skip61
)
(./expire_guard.aux)
\openout1 = `expire_guard.aux'.

LaTeX Font Info:    Checking defaults for OML/cmm/m/it on input line 46.
LaTeX Font Info:    ... okay on input line 46.
LaTeX Font Info:    Checking defaults for OMS/cmsy/m/n on input line 46.
LaTeX Font Info:    ... okay on input line 46.
LaTeX Font Info:    Checking defaults for OT1/cmr/m/n on input line 46.
LaTeX Font Info:    ... okay on input line 46.
LaTeX Font Info:    Checking defaults for T1/cmr/m/n on input line 46.
LaTeX Font Info:    ... okay on input line 46.
LaTeX Font Info:    Checking defaults for TS1/cmr/m/n on input line 46.
LaTeX Font Info:    ... okay on input line 46.
LaTeX Font Info:    Checking defaults for OMX/cmex/m/n on input line 46.
LaTeX Font Info:    ... okay on input line 46.
LaTeX Font Info:    Checking defaults for U/cmr/m/n on input line 46.
LaTeX Font Info:    ... okay on input line 46.

(c:/texlive/2024/texmf-dist/tex/context/base/mkii/supp-pdf.mkii
[Loading MPS to PDF converter (version 2006.09.02).]
\scratchcounter=\count293
\scratchdimen=\dimen193
\scratchbox=\box61
\nofMPsegments=\count294
\nofMParguments=\count295
\everyMPshowfont=\toks32
\MPscratchCnt=\count296
\MPscratchDim=\dimen194
\MPnumerator=\count297
\makeMPintoPDFobject=\count298
\everyMPtoPDFconversion=\toks33
) (c:/texlive/2024/texmf-dist/tex/latex/epstopdf-pkg/epstopdf-base.sty
Package: epstopdf-base 2020-01-24 v2.11 Base part for package epstopdf
Package epstopdf-base Info: Redefining graphics rule for `.eps' on input line 4
85.

(c:/texlive/2024/texmf-dist/tex/latex/latexconfig/epstopdf-sys.cfg
File: epstopdf-sys.cfg 2010/07/13 v1.3 Configuration of (r)epstopdf for TeX Liv
e
))
*geometry* driver: auto-detecting
*geometry* detected driver: pdftex
*geometry* verbose mode - [ preamble ] result:
* driver: pdftex
* paper: a4paper
* layout: <same size as paper>
* layoutoffset:(h,v)=(0.0pt,0.0pt)
* modes: 
* h-part:(L,W,R)=(72.26999pt, 452.9679pt, 72.26999pt)
* v-part:(T,H,B)=(72.26999pt, 700.50687pt, 72.26999pt)
* \paperwidth=597.50787pt
* \paperheight=845.04684pt
* \textwidth=452.9679pt
* \textheight=700.50687pt
* \oddsidemargin=0.0pt
* \evensidemargin=0.0pt
* \topmargin=-37.0pt
* \headheight=12.0pt
* \headsep=25.0pt
* \topskip=12.0pt
* \footskip=30.0pt
* \marginparwidth=44.0pt
* \marginparsep=10.0pt
* \columnsep=10.0pt
* \skip\footins=10.8pt plus 4.0pt minus 2.0pt
* \hoffset=0.0pt
* \voffset=0.0pt
* \mag=1000
* \@twocolumnfalse
* \@twosidefalse
* \@mparswitchfalse
* \@reversemarginfalse
* (1in=72.27pt=25.4mm, 1cm=28.453pt)

Package caption Info: Begin \AtBeginDocument code.
Package caption Info: End \AtBeginDocument code.
LaTeX Font Info:    External font `cmex10' loaded for size
(Font)              <14.4> on input line 48.
LaTeX Font Info:    External font `cmex10' loaded for size
(Font)              <7> on input line 48.

Overfull \hbox (43.4728pt too wide) in paragraph at lines 48--48
 [][] 
 []



[1

{c:/texlive/2024/texmf-var/fonts/map/pdftex/updmap/pdftex.map}]
(./expire_guard.toc
LaTeX Font Info:    External font `cmex10' loaded for size
(Font)              <12> on input line 3.
LaTeX Font Info:    External font `cmex10' loaded for size
(Font)              <8> on input line 3.
LaTeX Font Info:    External font `cmex10' loaded for size
(Font)              <6> on input line 3.
)
\tf@toc=\write5
\openout5 = `expire_guard.toc'.



[2

] (./introduction.tex)

[3

{c:/texlive/2024/texmf-dist/fonts/enc/dvips/cm-super/cm-super-ts1.enc}]
(./requirement_analysis.tex
Underfull \hbox (badness 1454) in paragraph at lines 27--27
[]|\OT1/cmr/m/n/12 Users can store and or-
 []


Underfull \hbox (badness 6708) in paragraph at lines 27--27
\OT1/cmr/m/n/12 ga-nize all their im-por-
 []


Underfull \hbox (badness 1062) in paragraph at lines 27--27
\OT1/cmr/m/n/12 tant doc-u-ments in a se-
 []


Underfull \hbox (badness 4492) in paragraph at lines 27--27
\OT1/cmr/m/n/12 events re-lated to doc-u-
 []


Underfull \hbox (badness 1769) in paragraph at lines 27--27
[]|\OT1/cmr/m/n/12 Users can cre-ate a cus-
 []


Underfull \hbox (badness 3930) in paragraph at lines 27--27
\OT1/cmr/m/n/12 tomized track-ing sys-tem
 []


Underfull \hbox (badness 5147) in paragraph at lines 27--27
\OT1/cmr/m/n/12 cific needs for dif-fer-ent
 []


Underfull \hbox (badness 10000) in paragraph at lines 27--27
[]|\OT1/cmr/bx/n/12 Communication with
 []


Underfull \hbox (badness 2903) in paragraph at lines 27--27
\OT1/cmr/m/n/12 them in the pro-cess of
 []


Underfull \hbox (badness 2671) in paragraph at lines 27--27
[]|\OT1/cmr/m/n/12 When the User adds a
 []


Underfull \hbox (badness 1270) in paragraph at lines 27--27
\OT1/cmr/m/n/12 along-side with an email.
 []


Underfull \hbox (badness 10000) in paragraph at lines 4--29

 []


Underfull \hbox (badness 10000) in paragraph at lines 52--52
\OT1/cmr/m/n/12 tech and smart-phone
 []


Underfull \hbox (badness 1454) in paragraph at lines 52--52
[]|\OT1/cmr/m/n/12 Users can store and or-
 []


Underfull \hbox (badness 6708) in paragraph at lines 52--52
\OT1/cmr/m/n/12 ga-nize all their im-por-
 []


Underfull \hbox (badness 1062) in paragraph at lines 52--52
\OT1/cmr/m/n/12 tant doc-u-ments in a se-
 []


Underfull \hbox (badness 2547) in paragraph at lines 52--52
\OT1/cmr/m/n/12 memos re-lated to doc-u-
 []


Underfull \hbox (badness 5064) in paragraph at lines 52--52
[]|\OT1/cmr/m/n/12 Users can add pic-tures
 []


Underfull \hbox (badness 1769) in paragraph at lines 52--52
[]|\OT1/cmr/m/n/12 Users can cre-ate a cus-
 []


Underfull \hbox (badness 3930) in paragraph at lines 52--52
\OT1/cmr/m/n/12 tomized track-ing sys-tem
 []


Underfull \hbox (badness 5147) in paragraph at lines 52--52
\OT1/cmr/m/n/12 cific needs for dif-fer-ent
 []


Underfull \hbox (badness 1424) in paragraph at lines 52--52
\OT1/cmr/m/n/12 will be re-minded of the
 []


Underfull \hbox (badness 1755) in paragraph at lines 52--52
[]|\OT1/cmr/m/n/12 Communication with the
 []


Underfull \hbox (badness 2671) in paragraph at lines 52--52
[]|\OT1/cmr/m/n/12 When the User adds a
 []


Underfull \hbox (badness 1270) in paragraph at lines 52--52
\OT1/cmr/m/n/12 along-side with an email.
 []



[4

]

[5]
Underfull \hbox (badness 10000) in paragraph at lines 55--57

 []



[6]
Underfull \hbox (badness 10000) in paragraph at lines 69--73

 []

<../Draw.io diagrams/alex.jpeg, id=27, 513.92pt x 770.88pt>
File: ../Draw.io diagrams/alex.jpeg Graphic file (type jpg)
<use ../Draw.io diagrams/alex.jpeg>
Package pdftex.def Info: ../Draw.io diagrams/alex.jpeg  used on input line 79.
(pdftex.def)             Requested size: 135.89174pt x 203.83525pt.
<../Draw.io diagrams/emily.jpeg, id=28, 513.92pt x 770.88pt>
File: ../Draw.io diagrams/emily.jpeg Graphic file (type jpg)
<use ../Draw.io diagrams/emily.jpeg>
Package pdftex.def Info: ../Draw.io diagrams/emily.jpeg  used on input line 103
.
(pdftex.def)             Requested size: 135.89174pt x 203.83525pt.


[7 <../Draw.io diagrams/alex.jpeg>]
<../Draw.io diagrams/david.jpeg, id=33, 513.92pt x 770.88pt>
File: ../Draw.io diagrams/david.jpeg Graphic file (type jpg)
<use ../Draw.io diagrams/david.jpeg>
Package pdftex.def Info: ../Draw.io diagrams/david.jpeg  used on input line 111
.
(pdftex.def)             Requested size: 135.89174pt x 203.83525pt.
)

[8 <../Draw.io diagrams/emily.jpeg> <../Draw.io diagrams/david.jpeg>]
(./questionnaire.tex
Underfull \hbox (badness 10000) in paragraph at lines 16--17

 []


Underfull \hbox (badness 10000) in paragraph at lines 19--20

 []

<../Draw.io diagrams/age_chart.png, id=37, 602.25pt x 372.39125pt>
File: ../Draw.io diagrams/age_chart.png Graphic file (type png)
<use ../Draw.io diagrams/age_chart.png>
Package pdftex.def Info: ../Draw.io diagrams/age_chart.png  used on input line 
23.
(pdftex.def)             Requested size: 362.37569pt x 224.07855pt.
<../Draw.io diagrams/Qual è il tuo genere_.png, id=38, 602.25pt x 372.39125pt>

File: ../Draw.io diagrams/Qual è il tuo genere_.png Graphic file (type png)
<use ../Draw.io diagrams/Qual è il tuo genere_.png>
Package pdftex.def Info: ../Draw.io diagrams/Qual è il tuo genere_.png  used o
n input line 29.
(pdftex.def)             Requested size: 362.37569pt x 224.07855pt.
<../Draw.io diagrams/Il tuo paese di residenza è in Europa_.png, id=39, 602.25
pt x 372.39125pt>
File: ../Draw.io diagrams/Il tuo paese di residenza è in Europa_.png Graphic f
ile (type png)
<use ../Draw.io diagrams/Il tuo paese di residenza è in Europa_.png>
Package pdftex.def Info: ../Draw.io diagrams/Il tuo paese di residenza è in Eu
ropa_.png  used on input line 36.
(pdftex.def)             Requested size: 362.37569pt x 224.07855pt.
<../Draw.io diagrams/Attualmente lavori part-time o a tempo pieno in un paese d
ella comunità europea_.png, id=40, 602.25pt x 372.39125pt>
File: ../Draw.io diagrams/Attualmente lavori part-time o a tempo pieno in un pa
ese della comunità europea_.png Graphic file (type png)
<use ../Draw.io diagrams/Attualmente lavori part-time o a tempo pieno in un pae
se della comunità europea_.png>
Package pdftex.def Info: ../Draw.io diagrams/Attualmente lavori part-time o a t
empo pieno in un paese della comunità europea_.png  used on input line 42.
(pdftex.def)             Requested size: 362.37569pt x 224.07855pt.
<../Draw.io diagrams/Conteggio di Hai uno smartphone Android o iOS_.png, id=41,
 602.25pt x 372.39125pt>
File: ../Draw.io diagrams/Conteggio di Hai uno smartphone Android o iOS_.png Gr
aphic file (type png)
<use ../Draw.io diagrams/Conteggio di Hai uno smartphone Android o iOS_.png>
Package pdftex.def Info: ../Draw.io diagrams/Conteggio di Hai uno smartphone An
droid o iOS_.png  used on input line 48.
(pdftex.def)             Requested size: 362.37569pt x 224.07855pt.


[9

]

[10 <../Draw.io diagrams/age_chart.png> <../Draw.io diagrams/Qual è il tuo gen
ere_.png>]

[11 <../Draw.io diagrams/Il tuo paese di residenza è in Europa_.png> <../Draw.
io diagrams/Attualmente lavori part-time o a tempo pieno in un paese della comu
nità europea_.png>]

[12 <../Draw.io diagrams/Conteggio di Hai uno smartphone Android o iOS_.png>]
<../Draw.io diagrams/default_date.png, id=54, 602.25pt x 372.39125pt>
File: ../Draw.io diagrams/default_date.png Graphic file (type png)
<use ../Draw.io diagrams/default_date.png>
Package pdftex.def Info: ../Draw.io diagrams/default_date.png  used on input li
ne 55.
(pdftex.def)             Requested size: 362.37569pt x 224.07855pt.
<../Draw.io diagrams/application_review.png, id=55, 602.25pt x 372.39125pt>
File: ../Draw.io diagrams/application_review.png Graphic file (type png)
<use ../Draw.io diagrams/application_review.png>
Package pdftex.def Info: ../Draw.io diagrams/application_review.png  used on in
put line 61.
(pdftex.def)             Requested size: 362.37569pt x 224.07855pt.
<../Draw.io diagrams/how_did_difficult_use_competitors.png, id=56, 602.25pt x 3
72.39125pt>
File: ../Draw.io diagrams/how_did_difficult_use_competitors.png Graphic file (t
ype png)
<use ../Draw.io diagrams/how_did_difficult_use_competitors.png>
Package pdftex.def Info: ../Draw.io diagrams/how_did_difficult_use_competitors.
png  used on input line 68.
(pdftex.def)             Requested size: 362.37569pt x 224.07855pt.


[13

 <../Draw.io diagrams/default_date.png> <../Draw.io diagrams/application_review
.png>]

[14 <../Draw.io diagrams/how_did_difficult_use_competitors.png>]
<../Draw.io diagrams/remember_dates.png, id=64, 602.25pt x 372.39125pt>
File: ../Draw.io diagrams/remember_dates.png Graphic file (type png)
<use ../Draw.io diagrams/remember_dates.png>
Package pdftex.def Info: ../Draw.io diagrams/remember_dates.png  used on input 
line 76.
(pdftex.def)             Requested size: 362.37569pt x 224.07855pt.
<../Draw.io diagrams/problems.png, id=65, 602.25pt x 372.39125pt>
File: ../Draw.io diagrams/problems.png Graphic file (type png)
<use ../Draw.io diagrams/problems.png>
Package pdftex.def Info: ../Draw.io diagrams/problems.png  used on input line 8
2.
(pdftex.def)             Requested size: 362.37569pt x 224.07855pt.
<../Draw.io diagrams/do_you_remember_expiration_dates.png, id=66, 602.25pt x 37
2.39125pt>
File: ../Draw.io diagrams/do_you_remember_expiration_dates.png Graphic file (ty
pe png)
<use ../Draw.io diagrams/do_you_remember_expiration_dates.png>
Package pdftex.def Info: ../Draw.io diagrams/do_you_remember_expiration_dates.p
ng  used on input line 88.
(pdftex.def)             Requested size: 362.37569pt x 224.07855pt.
<../Draw.io diagrams/useresti_app.png, id=67, 602.25pt x 372.39125pt>
File: ../Draw.io diagrams/useresti_app.png Graphic file (type png)
<use ../Draw.io diagrams/useresti_app.png>
Package pdftex.def Info: ../Draw.io diagrams/useresti_app.png  used on input li
ne 94.
(pdftex.def)             Requested size: 362.37569pt x 224.07855pt.
)

[15

 <../Draw.io diagrams/remember_dates.png> <../Draw.io diagrams/problems.png>]

[16 <../Draw.io diagrams/do_you_remember_expiration_dates.png> <../Draw.io diag
rams/useresti_app.png>] (./task_and_dialog_analysis.tex
<../Draw.io diagrams/set_notification.drawio.png, id=74, 501.875pt x 242.9075pt
>
File: ../Draw.io diagrams/set_notification.drawio.png Graphic file (type png)
<use ../Draw.io diagrams/set_notification.drawio.png>
Package pdftex.def Info: ../Draw.io diagrams/set_notification.drawio.png  used 
on input line 11.
(pdftex.def)             Requested size: 452.9679pt x 219.24852pt.


[17

]
<../Draw.io diagrams/add_new_document.drawio.png, id=79, 1406.25375pt x 283.057
5pt>
File: ../Draw.io diagrams/add_new_document.drawio.png Graphic file (type png)
<use ../Draw.io diagrams/add_new_document.drawio.png>
Package pdftex.def Info: ../Draw.io diagrams/add_new_document.drawio.png  used 
on input line 19.
(pdftex.def)             Requested size: 452.9679pt x 91.17195pt.
<../Draw.io diagrams/add_new_document_camera.drawio.png, id=80, 1979.395pt x 26
3.98625pt>
File: ../Draw.io diagrams/add_new_document_camera.drawio.png Graphic file (type
 png)
<use ../Draw.io diagrams/add_new_document_camera.drawio.png>
Package pdftex.def Info: ../Draw.io diagrams/add_new_document_camera.drawio.png
  used on input line 26.
(pdftex.def)             Requested size: 452.9679pt x 60.40941pt.
<../Draw.io diagrams/search_and_view_documents.drawio.png, id=81, 603.25375pt x
 162.6075pt>
File: ../Draw.io diagrams/search_and_view_documents.drawio.png Graphic file (ty
pe png)
<use ../Draw.io diagrams/search_and_view_documents.drawio.png>
Package pdftex.def Info: ../Draw.io diagrams/search_and_view_documents.drawio.p
ng  used on input line 33.
(pdftex.def)             Requested size: 452.9679pt x 122.09674pt.


[18 <../Draw.io diagrams/set_notification.drawio.png> <../Draw.io diagrams/add_
new_document.drawio.png> <../Draw.io diagrams/add_new_document_camera.drawio.pn
g>]
<../Draw.io diagrams/edit_document.drawio.png, id=88, 1086.0575pt x 284.06125pt
>
File: ../Draw.io diagrams/edit_document.drawio.png Graphic file (type png)
<use ../Draw.io diagrams/edit_document.drawio.png>
Package pdftex.def Info: ../Draw.io diagrams/edit_document.drawio.png  used on 
input line 40.
(pdftex.def)             Requested size: 452.9679pt x 118.47702pt.
<../Draw.io diagrams/delete_document.drawio.png, id=89, 884.30376pt x 161.60374
pt>
File: ../Draw.io diagrams/delete_document.drawio.png Graphic file (type png)
<use ../Draw.io diagrams/delete_document.drawio.png>
Package pdftex.def Info: ../Draw.io diagrams/delete_document.drawio.png  used o
n input line 47.
(pdftex.def)             Requested size: 452.9679pt x 82.7793pt.


[19 <../Draw.io diagrams/search_and_view_documents.drawio.png> <../Draw.io diag
rams/edit_document.drawio.png> <../Draw.io diagrams/delete_document.drawio.png>
]
<../Draw.io diagrams/documnet_add_STN.drawio.png, id=97, 1488.56125pt x 416.556
24pt>
File: ../Draw.io diagrams/documnet_add_STN.drawio.png Graphic file (type png)
<use ../Draw.io diagrams/documnet_add_STN.drawio.png>
Package pdftex.def Info: ../Draw.io diagrams/documnet_add_STN.drawio.png  used 
on input line 56.
(pdftex.def)             Requested size: 452.9679pt x 126.7539pt.
<../Draw.io diagrams/document_edit_STN.drawio.png, id=98, 1568.86125pt x 285.06
5pt>
File: ../Draw.io diagrams/document_edit_STN.drawio.png Graphic file (type png)
<use ../Draw.io diagrams/document_edit_STN.drawio.png>
Package pdftex.def Info: ../Draw.io diagrams/document_edit_STN.drawio.png  used
 on input line 63.
(pdftex.def)             Requested size: 452.9679pt x 82.3057pt.
<../Draw.io diagrams/document_delete_STN.drawio.png, id=99, 1128.215pt x 232.87
pt>
File: ../Draw.io diagrams/document_delete_STN.drawio.png Graphic file (type png
)
<use ../Draw.io diagrams/document_delete_STN.drawio.png>
Package pdftex.def Info: ../Draw.io diagrams/document_delete_STN.drawio.png  us
ed on input line 70.
(pdftex.def)             Requested size: 452.9679pt x 93.49457pt.


[20 <../Draw.io diagrams/documnet_add_STN.drawio.png> <../Draw.io diagrams/docu
ment_edit_STN.drawio.png>]
<../Draw.io diagrams/document_search_STN.drawio.png, id=105, 1257.69875pt x 83.
31125pt>
File: ../Draw.io diagrams/document_search_STN.drawio.png Graphic file (type png
)
<use ../Draw.io diagrams/document_search_STN.drawio.png>
Package pdftex.def Info: ../Draw.io diagrams/document_search_STN.drawio.png  us
ed on input line 77.
(pdftex.def)             Requested size: 452.9679pt x 30.00473pt.
)

[21 <../Draw.io diagrams/document_delete_STN.drawio.png> <../Draw.io diagrams/d
ocument_search_STN.drawio.png>] (./prototype_zero.tex
<../mockups/add_doc_pdf_1.png, id=111, 591.4095pt x 332.442pt>
File: ../mockups/add_doc_pdf_1.png Graphic file (type png)
<use ../mockups/add_doc_pdf_1.png>
Package pdftex.def Info: ../mockups/add_doc_pdf_1.png  used on input line 8.
(pdftex.def)             Requested size: 407.66833pt x 229.15695pt.
<../mockups/add_doc_pdf_2.png, id=112, 555.2745pt x 336.0555pt>
File: ../mockups/add_doc_pdf_2.png Graphic file (type png)
<use ../mockups/add_doc_pdf_2.png>
Package pdftex.def Info: ../mockups/add_doc_pdf_2.png  used on input line 13.
(pdftex.def)             Requested size: 385.02547pt x 233.02716pt.


[22

 <../mockups/add_doc_pdf_1.png>]

[23 <../mockups/add_doc_pdf_2.png>]
<../mockups/add_doc_cam_1.png, id=121, 681.14474pt x 326.4195pt>
File: ../mockups/add_doc_cam_1.png Graphic file (type png)
<use ../mockups/add_doc_cam_1.png>
Package pdftex.def Info: ../mockups/add_doc_cam_1.png  used on input line 20.
(pdftex.def)             Requested size: 407.66833pt x 195.36508pt.
<../mockups/add_doc_cam_2.png, id=122, 693.792pt x 324.61275pt>
File: ../mockups/add_doc_cam_2.png Graphic file (type png)
<use ../mockups/add_doc_cam_2.png>
Package pdftex.def Info: ../mockups/add_doc_cam_2.png  used on input line 25.
(pdftex.def)             Requested size: 407.66833pt x 190.7422pt.


[24

 <../mockups/add_doc_cam_1.png> <../mockups/add_doc_cam_2.png>]
<../mockups/view_doc.png, id=128, 386.6445pt x 316.7835pt>
File: ../mockups/view_doc.png Graphic file (type png)
<use ../mockups/view_doc.png>
Package pdftex.def Info: ../mockups/view_doc.png  used on input line 32.
(pdftex.def)             Requested size: 317.07614pt x 259.79314pt.


[25

 <../mockups/view_doc.png>]
<../mockups/edit_doc_meta_1.png, id=134, 554.67226pt x 316.7835pt>
File: ../mockups/edit_doc_meta_1.png Graphic file (type png)
<use ../mockups/edit_doc_meta_1.png>
Package pdftex.def Info: ../mockups/edit_doc_meta_1.png  used on input line 39.

(pdftex.def)             Requested size: 407.66833pt x 232.83064pt.


[26

 <../mockups/edit_doc_meta_1.png>]
<../mockups/edit_doc_expr_1.png, id=139, 543.83176pt x 314.97675pt>
File: ../mockups/edit_doc_expr_1.png Graphic file (type png)
<use ../mockups/edit_doc_expr_1.png>
Package pdftex.def Info: ../mockups/edit_doc_expr_1.png  used on input line 46.

(pdftex.def)             Requested size: 407.66833pt x 236.11662pt.


[27

 <../mockups/edit_doc_expr_1.png>]
<../mockups/delete_doc.png, id=144, 543.2295pt x 317.38576pt>
File: ../mockups/delete_doc.png Graphic file (type png)
<use ../mockups/delete_doc.png>
Package pdftex.def Info: ../mockups/delete_doc.png  used on input line 53.
(pdftex.def)             Requested size: 407.66833pt x 238.18402pt.


[28

 <../mockups/delete_doc.png>]) (./expert_base_evaluation.tex)

[29


] (./prototype_one.tex)

[30

] (./user_based_evaluation.tex)

[31

] (./expire_guard.aux)
 ***********
LaTeX2e <2024-06-01> patch level 2
L3 programming layer <2024-05-27>
 ***********
 ) 
Here is how much of TeX's memory you used:
 8367 strings out of 473583
 165976 string characters out of 5732343
 1944908 words of memory out of 5000000
 31081 multiletter control sequences out of 15000+600000
 564188 words of font info for 56 fonts, out of 8000000 for 9000
 1141 hyphenation exceptions out of 8191
 94i,14n,131p,824b,342s stack positions out of 10000i,1000n,20000p,200000b,200000s
<c:/texlive/2024/texmf-dist/fonts/type1/public/amsfonts/cm/cmbx12.pfb><c:/tex
live/2024/texmf-dist/fonts/type1/public/amsfonts/cm/cmr12.pfb><c:/texlive/2024/
texmf-dist/fonts/type1/public/cm-super/sfrm1200.pfb>
Output written on expire_guard.pdf (31 pages, 1829063 bytes).
PDF statistics:
 175 PDF objects out of 1000 (max. 8388607)
 84 compressed objects within 1 object stream
 0 named destinations out of 1000 (max. 500000)
 178 words of extra memory for PDF output out of 10000 (max. 10000000)

